This file contains any messages produced by compilers while
running configure, to aid debugging if configure makes a mistake.

It was created by heat configure 1.17, which was
generated by GNU Autoconf 2.63.  Invocation command line was

  $ ./configure --disable-option-checking --prefix=/usr/local CC=gcc-6 --cache-file=/dev/null --srcdir=.

## --------- ##
## Platform. ##
## --------- ##

hostname = Hassans-MacBook-Pro.local
uname -m = x86_64
uname -r = 16.3.0
uname -s = Darwin
uname -v = Darwin Kernel Version 16.3.0: Thu Nov 17 20:23:58 PST 2016; root:xnu-3789.31.2~1/RELEASE_X86_64

/usr/bin/uname -p = i386
/bin/uname -X     = unknown

/bin/arch              = unknown
/usr/bin/arch -k       = unknown
/usr/convex/getsysinfo = unknown
/usr/bin/hostinfo      = Mach kernel version:
	 Darwin Kernel Version 16.3.0: Thu Nov 17 20:23:58 PST 2016; root:xnu-3789.31.2~1/RELEASE_X86_64
Kernel configured for up to 4 processors.
2 processors are physically available.
4 processors are logically available.
Processor type: x86_64h (Intel x86-64h Haswell)
Processors active: 0 1 2 3
Primary memory available: 8.00 gigabytes
Default processor set: 287 tasks, 1039 threads, 4 processors
Load average: 2.04, Mach factor: 1.94
/bin/machine           = unknown
/usr/bin/oslevel       = unknown
/bin/universe          = unknown

PATH: /usr/local/bin
PATH: /usr/bin
PATH: /bin
PATH: /usr/sbin
PATH: /sbin


## ----------- ##
## Core tests. ##
## ----------- ##

configure:1831: checking for a BSD-compatible install
configure:1899: result: /usr/bin/install -c
configure:1910: checking whether build environment is sane
configure:1970: result: yes
configure:2111: checking for a thread-safe mkdir -p
configure:2150: result: build-aux/install-sh -c -d
configure:2163: checking for gawk
configure:2193: result: no
configure:2163: checking for mawk
configure:2193: result: no
configure:2163: checking for nawk
configure:2193: result: no
configure:2163: checking for awk
configure:2179: found /usr/bin/awk
configure:2190: result: awk
configure:2201: checking whether make sets $(MAKE)
configure:2223: result: yes
configure:2412: checking for C compiler version
configure:2420: gcc-6 --version >&5
gcc-6 (Homebrew GCC 6.3.0_1) 6.3.0
Copyright (C) 2016 Free Software Foundation, Inc.
This is free software; see the source for copying conditions.  There is NO
warranty; not even for MERCHANTABILITY or FITNESS FOR A PARTICULAR PURPOSE.

configure:2424: $? = 0
configure:2431: gcc-6 -v >&5
Using built-in specs.
COLLECT_GCC=gcc-6
COLLECT_LTO_WRAPPER=/usr/local/Cellar/gcc/6.3.0_1/libexec/gcc/x86_64-apple-darwin16.3.0/6.3.0/lto-wrapper
Target: x86_64-apple-darwin16.3.0
Configured with: ../configure --build=x86_64-apple-darwin16.3.0 --prefix=/usr/local/Cellar/gcc/6.3.0_1 --libdir=/usr/local/Cellar/gcc/6.3.0_1/lib/gcc/6 --enable-languages=c,c++,objc,obj-c++,fortran --program-suffix=-6 --with-gmp=/usr/local/opt/gmp --with-mpfr=/usr/local/opt/mpfr --with-mpc=/usr/local/opt/libmpc --with-isl=/usr/local/opt/isl --with-system-zlib --enable-libstdcxx-time=yes --enable-stage1-checking --enable-checking=release --enable-lto --with-build-config=bootstrap-debug --disable-werror --with-pkgversion='Homebrew GCC 6.3.0_1' --with-bugurl=https://github.com/Homebrew/homebrew-core/issues --enable-plugin --disable-nls --enable-multilib
Thread model: posix
gcc version 6.3.0 (Homebrew GCC 6.3.0_1) 
configure:2435: $? = 0
configure:2442: gcc-6 -V >&5
gcc-6: error: unrecognized command line option '-V'
gcc-6: fatal error: no input files
compilation terminated.
configure:2446: $? = 1
configure:2469: checking for C compiler default output file name
configure:2491: gcc-6    conftest.c  >&5
configure:2495: $? = 0
configure:2533: result: a.out
configure:2552: checking whether the C compiler works
configure:2562: ./a.out
configure:2566: $? = 0
configure:2585: result: yes
configure:2592: checking whether we are cross compiling
configure:2594: result: no
configure:2597: checking for suffix of executables
configure:2604: gcc-6 -o conftest    conftest.c  >&5
configure:2608: $? = 0
configure:2634: result: 
configure:2640: checking for suffix of object files
configure:2666: gcc-6 -c   conftest.c >&5
configure:2670: $? = 0
configure:2695: result: o
configure:2699: checking whether we are using the GNU C compiler
configure:2728: gcc-6 -c   conftest.c >&5
configure:2735: $? = 0
configure:2752: result: yes
configure:2761: checking whether gcc-6 accepts -g
configure:2791: gcc-6 -c -g  conftest.c >&5
configure:2798: $? = 0
configure:2899: result: yes
configure:2916: checking for gcc-6 option to accept ISO C89
configure:2990: gcc-6  -c -g -O2  conftest.c >&5
configure:2997: $? = 0
configure:3020: result: none needed
configure:3049: checking for style of include used by make
configure:3077: result: GNU
configure:3102: checking dependency style of gcc-6
configure:3212: result: gcc3
configure:3273: checking for ranlib
configure:3289: found /usr/bin/ranlib
configure:3300: result: ranlib
configure:3322: checking for gcc-6 option to accept ISO C99
configure:3481: gcc-6  -c -g -O2  conftest.c >&5
configure:3488: $? = 0
configure:3511: result: none needed
configure:3525: checking for an ANSI C-conforming const
configure:3600: gcc-6 -c -g -O2  conftest.c >&5
configure:3607: $? = 0
configure:3622: result: yes
configure:3632: checking for C/C++ restrict keyword
configure:3667: gcc-6 -c -g -O2  conftest.c >&5
configure:3674: $? = 0
configure:3692: result: __restrict
configure:3708: checking for working volatile
configure:3737: gcc-6 -c -g -O2  conftest.c >&5
configure:3744: $? = 0
configure:3759: result: yes
configure:3770: checking for library containing fabs
configure:3811: gcc-6 -o conftest -g -O2   conftest.c  >&5
conftest.c:16:6: warning: conflicting types for built-in function 'fabs'
 char fabs ();
      ^~~~
configure:3818: $? = 0
configure:3849: result: none required
configure:3857: checking for library containing fmin
configure:3898: gcc-6 -o conftest -g -O2   conftest.c  >&5
conftest.c:16:6: warning: conflicting types for built-in function 'fmin'
 char fmin ();
      ^~~~
configure:3905: $? = 0
configure:3936: result: none required
configure:3944: checking for library containing fmax
configure:3985: gcc-6 -o conftest -g -O2   conftest.c  >&5
conftest.c:16:6: warning: conflicting types for built-in function 'fmax'
 char fmax ();
      ^~~~
configure:3992: $? = 0
configure:4023: result: none required
configure:4031: checking for library containing sqrt
configure:4072: gcc-6 -o conftest -g -O2   conftest.c  >&5
conftest.c:16:6: warning: conflicting types for built-in function 'sqrt'
 char sqrt ();
      ^~~~
configure:4079: $? = 0
configure:4110: result: none required
configure:4134: checking for OpenMP flag of C compiler
configure:4180: gcc-6 -o conftest -g -O2 -Wall -fopenmp  -I$(COMMON)  conftest.c  >&5
configure:4187: $? = 0
configure:4210: result: -fopenmp
configure:4354: creating ./config.status

## ---------------------- ##
## Running config.status. ##
## ---------------------- ##

This file was extended by heat config.status 1.17, which was
generated by GNU Autoconf 2.63.  Invocation command line was

  CONFIG_FILES    = 
  CONFIG_HEADERS  = 
  CONFIG_LINKS    = 
  CONFIG_COMMANDS = 
  $ ./config.status 

on Hassans-MacBook-Pro.local

config.status:760: creating Makefile
config.status:760: creating config.h
config.status:1034: executing depfiles commands

## ---------------- ##
## Cache variables. ##
## ---------------- ##

ac_cv_c_compiler_gnu=yes
ac_cv_c_const=yes
ac_cv_c_restrict=__restrict
ac_cv_c_volatile=yes
ac_cv_env_CC_set=set
ac_cv_env_CC_value=gcc-6
ac_cv_env_CFLAGS_set=
ac_cv_env_CFLAGS_value=
ac_cv_env_CPPFLAGS_set=
ac_cv_env_CPPFLAGS_value=
ac_cv_env_LDFLAGS_set=
ac_cv_env_LDFLAGS_value=
ac_cv_env_LIBS_set=
ac_cv_env_LIBS_value=
ac_cv_env_build_alias_set=
ac_cv_env_build_alias_value=
ac_cv_env_host_alias_set=
ac_cv_env_host_alias_value=
ac_cv_env_target_alias_set=
ac_cv_env_target_alias_value=
ac_cv_objext=o
ac_cv_path_install='/usr/bin/install -c'
ac_cv_prog_AWK=awk
ac_cv_prog_ac_ct_RANLIB=ranlib
ac_cv_prog_cc_c89=
ac_cv_prog_cc_c99=
ac_cv_prog_cc_g=yes
ac_cv_prog_make_make_set=yes
ac_cv_search_fabs='none required'
ac_cv_search_fmax='none required'
ac_cv_search_fmin='none required'
ac_cv_search_sqrt='none required'
am_cv_CC_dependencies_compiler_type=gcc3
ax_cv_c_openmp=-fopenmp

## ----------------- ##
## Output variables. ##
## ----------------- ##

ACLOCAL='${SHELL} /Users/hassan/Documents/Studies/PMMS/Assignment/Framework/heat-1.17/omp/build-aux/missing --run aclocal-1.11'
AMDEPBACKSLASH='\'
AMDEP_FALSE='#'
AMDEP_TRUE=''
AMTAR='${SHELL} /Users/hassan/Documents/Studies/PMMS/Assignment/Framework/heat-1.17/omp/build-aux/missing --run tar'
AUTOCONF='${SHELL} /Users/hassan/Documents/Studies/PMMS/Assignment/Framework/heat-1.17/omp/build-aux/missing --run autoconf -f'
AUTOHEADER='${SHELL} /Users/hassan/Documents/Studies/PMMS/Assignment/Framework/heat-1.17/omp/build-aux/missing --run autoheader'
AUTOMAKE='${SHELL} /Users/hassan/Documents/Studies/PMMS/Assignment/Framework/heat-1.17/omp/build-aux/missing --run automake-1.11'
AWK='awk'
CC='gcc-6'
CCDEPMODE='depmode=gcc3'
CFLAGS='-g -O2 -Wall -fopenmp'
COMMON='$(srcdir)/../src'
CPPFLAGS=' -I$(COMMON)'
CYGPATH_W='echo'
DEFS='-DHAVE_CONFIG_H'
DEPDIR='.deps'
ECHO_C='\c'
ECHO_N=''
ECHO_T=''
EXEEXT=''
INSTALL_DATA='${INSTALL} -m 644'
INSTALL_PROGRAM='${INSTALL}'
INSTALL_SCRIPT='${INSTALL}'
INSTALL_STRIP_PROGRAM='$(install_sh) -c -s'
LDFLAGS=''
LIBOBJS=''
LIBS=''
LTLIBOBJS=''
MAKEINFO='${SHELL} /Users/hassan/Documents/Studies/PMMS/Assignment/Framework/heat-1.17/omp/build-aux/missing --run makeinfo'
MKDIR_P='build-aux/install-sh -c -d'
OBJEXT='o'
PACKAGE='heat'
PACKAGE_BUGREPORT='pcs2015@list.uva.nl'
PACKAGE_NAME='heat'
PACKAGE_STRING='heat 1.17'
PACKAGE_TARNAME='heat'
PACKAGE_VERSION='1.17'
PATH_SEPARATOR=':'
RANLIB='ranlib'
SET_MAKE=''
SHELL='/bin/sh'
STRIP=''
VERSION='1.17'
ac_ct_CC=''
am__EXEEXT_FALSE=''
am__EXEEXT_TRUE='#'
am__fastdepCC_FALSE='#'
am__fastdepCC_TRUE=''
am__include='include'
am__isrc=''
am__leading_dot='.'
am__quote=''
am__tar='${AMTAR} chof - "$$tardir"'
am__untar='${AMTAR} xf -'
bindir='${exec_prefix}/bin'
build_alias=''
datadir='${datarootdir}'
datarootdir='${prefix}/share'
docdir='${datarootdir}/doc/${PACKAGE_TARNAME}'
dvidir='${docdir}'
exec_prefix='${prefix}'
host_alias=''
htmldir='${docdir}'
includedir='${prefix}/include'
infodir='${datarootdir}/info'
install_sh='${SHELL} /Users/hassan/Documents/Studies/PMMS/Assignment/Framework/heat-1.17/omp/build-aux/install-sh'
libdir='${exec_prefix}/lib'
libexecdir='${exec_prefix}/libexec'
localedir='${datarootdir}/locale'
localstatedir='${prefix}/var'
mandir='${datarootdir}/man'
mkdir_p='$(top_builddir)/build-aux/install-sh -c -d'
oldincludedir='/usr/include'
pdfdir='${docdir}'
prefix='/usr/local'
program_transform_name='s,x,x,'
psdir='${docdir}'
sbindir='${exec_prefix}/sbin'
sharedstatedir='${prefix}/com'
sysconfdir='${prefix}/etc'
target_alias=''

## ----------- ##
## confdefs.h. ##
## ----------- ##

#define PACKAGE_NAME "heat"
#define PACKAGE_TARNAME "heat"
#define PACKAGE_VERSION "1.17"
#define PACKAGE_STRING "heat 1.17"
#define PACKAGE_BUGREPORT "pcs2015@list.uva.nl"
#define restrict __restrict
#define HAVE_OPENMP 1

configure: exit 0
