This file contains any messages produced by compilers while
running configure, to aid debugging if configure makes a mistake.

It was created by heat configure 1.17, which was
generated by GNU Autoconf 2.63.  Invocation command line was

  $ ./configure CC=gcc-6

## --------- ##
## Platform. ##
## --------- ##

hostname = Hassans-MacBook-Pro.local
uname -m = x86_64
uname -r = 16.3.0
uname -s = Darwin
uname -v = Darwin Kernel Version 16.3.0: Thu Nov 17 20:23:58 PST 2016; root:xnu-3789.31.2~1/RELEASE_X86_64

/usr/bin/uname -p = i386
/bin/uname -X     = unknown

/bin/arch              = unknown
/usr/bin/arch -k       = unknown
/usr/convex/getsysinfo = unknown
/usr/bin/hostinfo      = Mach kernel version:
	 Darwin Kernel Version 16.3.0: Thu Nov 17 20:23:58 PST 2016; root:xnu-3789.31.2~1/RELEASE_X86_64
Kernel configured for up to 4 processors.
2 processors are physically available.
4 processors are logically available.
Processor type: x86_64h (Intel x86-64h Haswell)
Processors active: 0 1 2 3
Primary memory available: 8.00 gigabytes
Default processor set: 286 tasks, 1035 threads, 4 processors
Load average: 1.30, Mach factor: 2.69
/bin/machine           = unknown
/usr/bin/oslevel       = unknown
/bin/universe          = unknown

PATH: /usr/local/bin
PATH: /usr/bin
PATH: /bin
PATH: /usr/sbin
PATH: /sbin


## ----------- ##
## Core tests. ##
## ----------- ##

configure:1791: checking for a BSD-compatible install
configure:1859: result: /usr/bin/install -c
configure:1870: checking whether build environment is sane
configure:1930: result: yes
configure:2071: checking for a thread-safe mkdir -p
configure:2110: result: build-aux/install-sh -c -d
configure:2123: checking for gawk
configure:2153: result: no
configure:2123: checking for mawk
configure:2153: result: no
configure:2123: checking for nawk
configure:2153: result: no
configure:2123: checking for awk
configure:2139: found /usr/bin/awk
configure:2150: result: awk
configure:2161: checking whether make sets $(MAKE)
configure:2183: result: yes
configure:2264: checking for convert
configure:2280: found /usr/local/bin/convert
configure:2292: result: convert
configure:2460: creating ./config.status

## ---------------------- ##
## Running config.status. ##
## ---------------------- ##

This file was extended by heat config.status 1.17, which was
generated by GNU Autoconf 2.63.  Invocation command line was

  CONFIG_FILES    = 
  CONFIG_HEADERS  = 
  CONFIG_LINKS    = 
  CONFIG_COMMANDS = 
  $ ./config.status 

on Hassans-MacBook-Pro.local

config.status:664: creating Makefile
configure:3512: === configuring in seq (/Users/hassan/Documents/Studies/PMMS/Assignment/Framework/heat-1.17/seq)
configure:3615: running /bin/sh ./configure --disable-option-checking '--prefix=/usr/local'  'CC=gcc-6' --cache-file=/dev/null --srcdir=.
configure:3512: === configuring in pth (/Users/hassan/Documents/Studies/PMMS/Assignment/Framework/heat-1.17/pth)
configure:3615: running /bin/sh ./configure --disable-option-checking '--prefix=/usr/local'  'CC=gcc-6' --cache-file=/dev/null --srcdir=.
configure:3512: === configuring in omp (/Users/hassan/Documents/Studies/PMMS/Assignment/Framework/heat-1.17/omp)
configure:3615: running /bin/sh ./configure --disable-option-checking '--prefix=/usr/local'  'CC=gcc-6' --cache-file=/dev/null --srcdir=.
configure:3512: === configuring in acc (/Users/hassan/Documents/Studies/PMMS/Assignment/Framework/heat-1.17/acc)
configure:3615: running /bin/sh ./configure --disable-option-checking '--prefix=/usr/local'  'CC=gcc-6' --cache-file=/dev/null --srcdir=.

## ---------------- ##
## Cache variables. ##
## ---------------- ##

ac_cv_env_build_alias_set=
ac_cv_env_build_alias_value=
ac_cv_env_host_alias_set=
ac_cv_env_host_alias_value=
ac_cv_env_target_alias_set=
ac_cv_env_target_alias_value=
ac_cv_path_install='/usr/bin/install -c'
ac_cv_prog_AWK=awk
ac_cv_prog_CONVERT=convert
ac_cv_prog_make_make_set=yes

## ----------------- ##
## Output variables. ##
## ----------------- ##

ACLOCAL='${SHELL} /Users/hassan/Documents/Studies/PMMS/Assignment/Framework/heat-1.17/build-aux/missing --run aclocal-1.11'
AMTAR='${SHELL} /Users/hassan/Documents/Studies/PMMS/Assignment/Framework/heat-1.17/build-aux/missing --run tar'
AUTOCONF='${SHELL} /Users/hassan/Documents/Studies/PMMS/Assignment/Framework/heat-1.17/build-aux/missing --run autoconf -f'
AUTOHEADER='${SHELL} /Users/hassan/Documents/Studies/PMMS/Assignment/Framework/heat-1.17/build-aux/missing --run autoheader'
AUTOMAKE='${SHELL} /Users/hassan/Documents/Studies/PMMS/Assignment/Framework/heat-1.17/build-aux/missing --run automake-1.11'
AWK='awk'
CONVERT='convert'
CYGPATH_W='echo'
DEFS='-DPACKAGE_NAME=\"heat\" -DPACKAGE_TARNAME=\"heat\" -DPACKAGE_VERSION=\"1.17\" -DPACKAGE_STRING=\"heat\ 1.17\" -DPACKAGE_BUGREPORT=\"pcs2015@list.uva.nl\"'
ECHO_C='\c'
ECHO_N=''
ECHO_T=''
HAVE_CONVERT_FALSE='#'
HAVE_CONVERT_TRUE=''
INSTALL_DATA='${INSTALL} -m 644'
INSTALL_PROGRAM='${INSTALL}'
INSTALL_SCRIPT='${INSTALL}'
INSTALL_STRIP_PROGRAM='$(install_sh) -c -s'
LIBOBJS=''
LIBS=''
LTLIBOBJS=''
MAKEINFO='${SHELL} /Users/hassan/Documents/Studies/PMMS/Assignment/Framework/heat-1.17/build-aux/missing --run makeinfo'
MKDIR_P='build-aux/install-sh -c -d'
PACKAGE='heat'
PACKAGE_BUGREPORT='pcs2015@list.uva.nl'
PACKAGE_NAME='heat'
PACKAGE_STRING='heat 1.17'
PACKAGE_TARNAME='heat'
PACKAGE_VERSION='1.17'
PATH_SEPARATOR=':'
SET_MAKE=''
SHELL='/bin/sh'
STRIP=''
VERSION='1.17'
am__isrc=''
am__leading_dot='.'
am__tar='${AMTAR} chof - "$$tardir"'
am__untar='${AMTAR} xf -'
bindir='${exec_prefix}/bin'
build_alias=''
datadir='${datarootdir}'
datarootdir='${prefix}/share'
docdir='${datarootdir}/doc/${PACKAGE_TARNAME}'
dvidir='${docdir}'
exec_prefix='${prefix}'
host_alias=''
htmldir='${docdir}'
includedir='${prefix}/include'
infodir='${datarootdir}/info'
install_sh='${SHELL} /Users/hassan/Documents/Studies/PMMS/Assignment/Framework/heat-1.17/build-aux/install-sh'
libdir='${exec_prefix}/lib'
libexecdir='${exec_prefix}/libexec'
localedir='${datarootdir}/locale'
localstatedir='${prefix}/var'
mandir='${datarootdir}/man'
mkdir_p='$(top_builddir)/build-aux/install-sh -c -d'
oldincludedir='/usr/include'
pdfdir='${docdir}'
prefix='/usr/local'
program_transform_name='s,x,x,'
psdir='${docdir}'
sbindir='${exec_prefix}/sbin'
sharedstatedir='${prefix}/com'
subdirs=' seq pth omp acc'
sysconfdir='${prefix}/etc'
target_alias=''

## ----------- ##
## confdefs.h. ##
## ----------- ##

#define PACKAGE_NAME "heat"
#define PACKAGE_TARNAME "heat"
#define PACKAGE_VERSION "1.17"
#define PACKAGE_STRING "heat 1.17"
#define PACKAGE_BUGREPORT "pcs2015@list.uva.nl"

configure: exit 0
