This file contains any messages produced by compilers while
running configure, to aid debugging if configure makes a mistake.

It was created by heat configure 1.17, which was
generated by GNU Autoconf 2.63.  Invocation command line was

  $ ./configure --disable-option-checking --prefix=/usr/local CC=gcc-6 --cache-file=/dev/null --srcdir=.

## --------- ##
## Platform. ##
## --------- ##

hostname = Hassans-MacBook-Pro.local
uname -m = x86_64
uname -r = 16.3.0
uname -s = Darwin
uname -v = Darwin Kernel Version 16.3.0: Thu Nov 17 20:23:58 PST 2016; root:xnu-3789.31.2~1/RELEASE_X86_64

/usr/bin/uname -p = i386
/bin/uname -X     = unknown

/bin/arch              = unknown
/usr/bin/arch -k       = unknown
/usr/convex/getsysinfo = unknown
/usr/bin/hostinfo      = Mach kernel version:
	 Darwin Kernel Version 16.3.0: Thu Nov 17 20:23:58 PST 2016; root:xnu-3789.31.2~1/RELEASE_X86_64
Kernel configured for up to 4 processors.
2 processors are physically available.
4 processors are logically available.
Processor type: x86_64h (Intel x86-64h Haswell)
Processors active: 0 1 2 3
Primary memory available: 8.00 gigabytes
Default processor set: 287 tasks, 1040 threads, 4 processors
Load average: 2.45, Mach factor: 1.54
/bin/machine           = unknown
/usr/bin/oslevel       = unknown
/bin/universe          = unknown

PATH: /usr/local/bin
PATH: /usr/bin
PATH: /bin
PATH: /usr/sbin
PATH: /sbin


## ----------- ##
## Core tests. ##
## ----------- ##

configure:1829: checking for a BSD-compatible install
configure:1897: result: /usr/bin/install -c
configure:1908: checking whether build environment is sane
configure:1968: result: yes
configure:2109: checking for a thread-safe mkdir -p
configure:2148: result: build-aux/install-sh -c -d
configure:2161: checking for gawk
configure:2191: result: no
configure:2161: checking for mawk
configure:2191: result: no
configure:2161: checking for nawk
configure:2191: result: no
configure:2161: checking for awk
configure:2177: found /usr/bin/awk
configure:2188: result: awk
configure:2199: checking whether make sets $(MAKE)
configure:2221: result: yes
configure:2414: checking for C compiler version
configure:2422: gcc-6 --version >&5
gcc-6 (Homebrew GCC 6.3.0_1) 6.3.0
Copyright (C) 2016 Free Software Foundation, Inc.
This is free software; see the source for copying conditions.  There is NO
warranty; not even for MERCHANTABILITY or FITNESS FOR A PARTICULAR PURPOSE.

configure:2426: $? = 0
configure:2433: gcc-6 -v >&5
Using built-in specs.
COLLECT_GCC=gcc-6
COLLECT_LTO_WRAPPER=/usr/local/Cellar/gcc/6.3.0_1/libexec/gcc/x86_64-apple-darwin16.3.0/6.3.0/lto-wrapper
Target: x86_64-apple-darwin16.3.0
Configured with: ../configure --build=x86_64-apple-darwin16.3.0 --prefix=/usr/local/Cellar/gcc/6.3.0_1 --libdir=/usr/local/Cellar/gcc/6.3.0_1/lib/gcc/6 --enable-languages=c,c++,objc,obj-c++,fortran --program-suffix=-6 --with-gmp=/usr/local/opt/gmp --with-mpfr=/usr/local/opt/mpfr --with-mpc=/usr/local/opt/libmpc --with-isl=/usr/local/opt/isl --with-system-zlib --enable-libstdcxx-time=yes --enable-stage1-checking --enable-checking=release --enable-lto --with-build-config=bootstrap-debug --disable-werror --with-pkgversion='Homebrew GCC 6.3.0_1' --with-bugurl=https://github.com/Homebrew/homebrew-core/issues --enable-plugin --disable-nls --enable-multilib
Thread model: posix
gcc version 6.3.0 (Homebrew GCC 6.3.0_1) 
configure:2437: $? = 0
configure:2444: gcc-6 -V >&5
gcc-6: error: unrecognized command line option '-V'
gcc-6: fatal error: no input files
compilation terminated.
configure:2448: $? = 1
configure:2471: checking for C compiler default output file name
configure:2493: gcc-6    conftest.c  >&5
configure:2497: $? = 0
configure:2535: result: a.out
configure:2554: checking whether the C compiler works
configure:2564: ./a.out
configure:2568: $? = 0
configure:2587: result: yes
configure:2594: checking whether we are cross compiling
configure:2596: result: no
configure:2599: checking for suffix of executables
configure:2606: gcc-6 -o conftest    conftest.c  >&5
configure:2610: $? = 0
configure:2636: result: 
configure:2642: checking for suffix of object files
configure:2668: gcc-6 -c   conftest.c >&5
configure:2672: $? = 0
configure:2697: result: o
configure:2701: checking whether we are using the GNU C compiler
configure:2730: gcc-6 -c   conftest.c >&5
configure:2737: $? = 0
configure:2754: result: yes
configure:2763: checking whether gcc-6 accepts -g
configure:2793: gcc-6 -c -g  conftest.c >&5
configure:2800: $? = 0
configure:2901: result: yes
configure:2918: checking for gcc-6 option to accept ISO C89
configure:2992: gcc-6  -c -g -O2  conftest.c >&5
configure:2999: $? = 0
configure:3022: result: none needed
configure:3051: checking for style of include used by make
configure:3079: result: GNU
configure:3104: checking dependency style of gcc-6
configure:3214: result: gcc3
configure:3238: checking for gcc-6 option to accept ISO C99
configure:3397: gcc-6  -c   conftest.c >&5
configure:3404: $? = 0
configure:3427: result: none needed
configure:3567: creating ./config.status

## ---------------------- ##
## Running config.status. ##
## ---------------------- ##

This file was extended by heat config.status 1.17, which was
generated by GNU Autoconf 2.63.  Invocation command line was

  CONFIG_FILES    = 
  CONFIG_HEADERS  = 
  CONFIG_LINKS    = 
  CONFIG_COMMANDS = 
  $ ./config.status 

on Hassans-MacBook-Pro.local

config.status:756: creating Makefile
config.status:756: creating config.h
config.status:978: config.h is unchanged
config.status:1030: executing depfiles commands

## ---------------- ##
## Cache variables. ##
## ---------------- ##

ac_cv_c_compiler_gnu=yes
ac_cv_env_CC_set=set
ac_cv_env_CC_value=gcc-6
ac_cv_env_CFLAGS_set=
ac_cv_env_CFLAGS_value=
ac_cv_env_CPPFLAGS_set=
ac_cv_env_CPPFLAGS_value=
ac_cv_env_LDFLAGS_set=
ac_cv_env_LDFLAGS_value=
ac_cv_env_LIBS_set=
ac_cv_env_LIBS_value=
ac_cv_env_build_alias_set=
ac_cv_env_build_alias_value=
ac_cv_env_host_alias_set=
ac_cv_env_host_alias_value=
ac_cv_env_target_alias_set=
ac_cv_env_target_alias_value=
ac_cv_objext=o
ac_cv_path_install='/usr/bin/install -c'
ac_cv_prog_AWK=awk
ac_cv_prog_cc_c89=
ac_cv_prog_cc_c99=
ac_cv_prog_cc_g=yes
ac_cv_prog_make_make_set=yes
am_cv_CC_dependencies_compiler_type=gcc3

## ----------------- ##
## Output variables. ##
## ----------------- ##

ACLOCAL='${SHELL} /Users/hassan/Documents/Studies/PMMS/Assignment/Framework/heat-1.17/acc/build-aux/missing --run aclocal-1.11'
AMDEPBACKSLASH='\'
AMDEP_FALSE='#'
AMDEP_TRUE=''
AMTAR='${SHELL} /Users/hassan/Documents/Studies/PMMS/Assignment/Framework/heat-1.17/acc/build-aux/missing --run tar'
AUTOCONF='${SHELL} /Users/hassan/Documents/Studies/PMMS/Assignment/Framework/heat-1.17/acc/build-aux/missing --run autoconf'
AUTOHEADER='${SHELL} /Users/hassan/Documents/Studies/PMMS/Assignment/Framework/heat-1.17/acc/build-aux/missing --run autoheader'
AUTOMAKE='${SHELL} /Users/hassan/Documents/Studies/PMMS/Assignment/Framework/heat-1.17/acc/build-aux/missing --run automake-1.11'
AWK='awk'
CC='gcc-6'
CCDEPMODE='depmode=gcc3'
CFLAGS=''
CPPFLAGS=''
CYGPATH_W='echo'
DEFS='-DHAVE_CONFIG_H'
DEPDIR='.deps'
ECHO_C='\c'
ECHO_N=''
ECHO_T=''
EXEEXT=''
INSTALL_DATA='${INSTALL} -m 644'
INSTALL_PROGRAM='${INSTALL}'
INSTALL_SCRIPT='${INSTALL}'
INSTALL_STRIP_PROGRAM='$(install_sh) -c -s'
LDFLAGS=''
LIBOBJS=''
LIBS=''
LTLIBOBJS=''
MAKEINFO='${SHELL} /Users/hassan/Documents/Studies/PMMS/Assignment/Framework/heat-1.17/acc/build-aux/missing --run makeinfo'
MKDIR_P='build-aux/install-sh -c -d'
OBJEXT='o'
PACKAGE='heat'
PACKAGE_BUGREPORT='pcs2015@list.uva.nl'
PACKAGE_NAME='heat'
PACKAGE_STRING='heat 1.17'
PACKAGE_TARNAME='heat'
PACKAGE_VERSION='1.17'
PATH_SEPARATOR=':'
SET_MAKE=''
SHELL='/bin/sh'
STRIP=''
VERSION='1.17'
ac_ct_CC=''
am__EXEEXT_FALSE=''
am__EXEEXT_TRUE='#'
am__fastdepCC_FALSE='#'
am__fastdepCC_TRUE=''
am__include='include'
am__isrc=''
am__leading_dot='.'
am__quote=''
am__tar='${AMTAR} chof - "$$tardir"'
am__untar='${AMTAR} xf -'
bindir='${exec_prefix}/bin'
build_alias=''
datadir='${datarootdir}'
datarootdir='${prefix}/share'
docdir='${datarootdir}/doc/${PACKAGE_TARNAME}'
dvidir='${docdir}'
exec_prefix='${prefix}'
host_alias=''
htmldir='${docdir}'
includedir='${prefix}/include'
infodir='${datarootdir}/info'
install_sh='${SHELL} /Users/hassan/Documents/Studies/PMMS/Assignment/Framework/heat-1.17/acc/build-aux/install-sh'
libdir='${exec_prefix}/lib'
libexecdir='${exec_prefix}/libexec'
localedir='${datarootdir}/locale'
localstatedir='${prefix}/var'
mandir='${datarootdir}/man'
mkdir_p='$(top_builddir)/build-aux/install-sh -c -d'
oldincludedir='/usr/include'
pdfdir='${docdir}'
prefix='/usr/local'
program_transform_name='s,x,x,'
psdir='${docdir}'
sbindir='${exec_prefix}/sbin'
sharedstatedir='${prefix}/com'
sysconfdir='${prefix}/etc'
target_alias=''

## ----------- ##
## confdefs.h. ##
## ----------- ##

#define PACKAGE_NAME "heat"
#define PACKAGE_TARNAME "heat"
#define PACKAGE_VERSION "1.17"
#define PACKAGE_STRING "heat 1.17"
#define PACKAGE_BUGREPORT "pcs2015@list.uva.nl"

configure: exit 0
